<?xml version="1.0" encoding="UTF-8"?>
<testsuite name="nuix.calc.runners.MainRunner" time="65.746" tests="10" errors="0" skipped="0" failures="1">
  <properties>
    <property name="java.runtime.name" value="OpenJDK Runtime Environment"/>
    <property name="java.vm.version" value="17.0.1+1"/>
    <property name="sun.boot.library.path" value="/usr/local/Cellar/openjdk/17.0.1_1/libexec/openjdk.jdk/Contents/Home/lib"/>
    <property name="maven.multiModuleProjectDirectory" value="/Users/abdallah/Desktop/Nuix_Calculator"/>
    <property name="java.vm.vendor" value="Homebrew"/>
    <property name="java.vendor.url" value="https://github.com/Homebrew/homebrew-core/issues"/>
    <property name="guice.disable.misplaced.annotation.check" value="true"/>
    <property name="path.separator" value=":"/>
    <property name="java.vm.name" value="OpenJDK 64-Bit Server VM"/>
    <property name="env" value="production"/>
    <property name="user.country" value="US"/>
    <property name="sun.java.launcher" value="SUN_STANDARD"/>
    <property name="java.vm.specification.name" value="Java Virtual Machine Specification"/>
    <property name="user.dir" value="/Users/abdallah/Desktop/Nuix_Calculator"/>
    <property name="java.vm.compressedOopsMode" value="Zero based"/>
    <property name="java.runtime.version" value="17.0.1+1"/>
    <property name="os.arch" value="x86_64"/>
    <property name="java.io.tmpdir" value="/var/folders/dn/d5jg1x6j1jx0nw4302p_gkd80000gn/T/"/>
    <property name="line.separator" value="&#10;"/>
    <property name="java.vm.specification.vendor" value="Oracle Corporation"/>
    <property name="os.name" value="Mac OS X"/>
    <property name="classworlds.conf" value="/usr/local/Cellar/maven/3.8.4/libexec/bin/m2.conf"/>
    <property name="sun.jnu.encoding" value="UTF-8"/>
    <property name="java.library.path" value="/Users/abdallah/Library/Java/Extensions:/Library/Java/Extensions:/Network/Library/Java/Extensions:/System/Library/Java/Extensions:/usr/lib/java:."/>
    <property name="maven.conf" value="/usr/local/Cellar/maven/3.8.4/libexec/conf"/>
    <property name="jdk.debug" value="release"/>
    <property name="java.class.version" value="61.0"/>
    <property name="java.specification.name" value="Java Platform API Specification"/>
    <property name="sun.management.compiler" value="HotSpot 64-Bit Tiered Compilers"/>
    <property name="os.version" value="10.15.7"/>
    <property name="library.jansi.path" value="/usr/local/Cellar/maven/3.8.4/libexec/lib/jansi-native"/>
    <property name="http.nonProxyHosts" value="local|*.local|169.254/16|*.169.254/16"/>
    <property name="user.home" value="/Users/abdallah"/>
    <property name="user.timezone" value="America/New_York"/>
    <property name="file.encoding" value="UTF-8"/>
    <property name="java.specification.version" value="17"/>
    <property name="user.name" value="abdallah"/>
    <property name="java.class.path" value="/usr/local/Cellar/maven/3.8.4/libexec/boot/plexus-classworlds-2.6.0.jar"/>
    <property name="java.vm.specification.version" value="17"/>
    <property name="sun.arch.data.model" value="64"/>
    <property name="sun.java.command" value="org.codehaus.plexus.classworlds.launcher.Launcher verify -Denv=production"/>
    <property name="java.home" value="/usr/local/Cellar/openjdk/17.0.1_1/libexec/openjdk.jdk/Contents/Home"/>
    <property name="user.language" value="en"/>
    <property name="java.specification.vendor" value="Oracle Corporation"/>
    <property name="java.vm.info" value="mixed mode, sharing"/>
    <property name="java.version" value="17.0.1"/>
    <property name="native.encoding" value="UTF-8"/>
    <property name="java.vendor" value="Homebrew"/>
    <property name="sun.stderr.encoding" value="UTF-8"/>
    <property name="maven.home" value="/usr/local/Cellar/maven/3.8.4/libexec"/>
    <property name="file.separator" value="/"/>
    <property name="java.version.date" value="2021-10-19"/>
    <property name="java.vendor.url.bug" value="https://github.com/Homebrew/homebrew-core/issues"/>
    <property name="sun.io.unicode.encoding" value="UnicodeBig"/>
    <property name="sun.cpu.endian" value="little"/>
    <property name="java.vendor.version" value="Homebrew"/>
    <property name="sun.stdout.encoding" value="UTF-8"/>
    <property name="socksNonProxyHosts" value="local|*.local|169.254/16|*.169.254/16"/>
    <property name="ftp.nonProxyHosts" value="local|*.local|169.254/16|*.169.254/16"/>
  </properties>
  <testcase name="Verifying numbers work" classname="All functionalities" time="3.897"/>
  <testcase name="Typing multiple zeros" classname="All functionalities" time="6.899"/>
  <testcase name="Typing multiple zeros before a number" classname="All functionalities" time="6.844"/>
  <testcase name="Verifying decimal point works in an operation" classname="All functionalities" time="7.073"/>
  <testcase name="Verifying subtraction" classname="All functionalities" time="6.821"/>
  <testcase name="Verifying addition" classname="All functionalities" time="6.948"/>
  <testcase name="Verifying Division" classname="All functionalities" time="6.757"/>
  <testcase name="Verifying Division of a negative number by a positive number" classname="All functionalities" time="6.896"/>
  <testcase name="Clicking multiplication sign multiple times" classname="All functionalities" time="6.842"/>
  <testcase name="Subtracting two negative integers" classname="All functionalities" time="6.769">
    <failure message="&#10;Result verification failed.&#10;Expected result: -5&#10;Actual result: -13&#10; expected:&lt;-[5]&gt; but was:&lt;-[13]&gt;" type="org.junit.ComparisonFailure"><![CDATA[org.junit.ComparisonFailure: 
Result verification failed.
Expected result: -5
Actual result: -13
 expected:<-[5]> but was:<-[13]>
	at org.junit.Assert.assertEquals(Assert.java:117)
	at nuix.calc.pages.CalculatorPage.verifyResult(CalculatorPage.java:210)
	at nuix.calc.stepDefinitions.Calculator_StepDefinition.the_user_verifies_the_result_is(Calculator_StepDefinition.java:40)
	at ✽.The user verifies the result is "-5"(file:///Users/abdallah/Desktop/Nuix_Calculator/src/test/resources/nuix/calc/features/All_functionalities.feature:58)
]]></failure>
    <system-out><![CDATA[
@allFunctionalities @regression
Scenario: Subtracting two negative integers                &amp#27;[90m# src/test/resources/nuix/calc/features/All_functionalities.feature:55&amp#27;[0m
  &amp#27;[32mGiven &amp#27;[0m&amp#27;[32mThe user is on the Calculator app&amp#27;[0m                  &amp#27;[90m# nuix.calc.stepDefinitions.Calculator_StepDefinition.the_user_is_on_the_Calculator_app()&amp#27;[0m
  &amp#27;[32mWhen &amp#27;[0m&amp#27;[32mThe user performs the following operation &amp#27;[0m&amp#27;[32m&amp#27;[1m"-9 - -4"&amp#27;[0m &amp#27;[90m# nuix.calc.stepDefinitions.Calculator_StepDefinition.the_user_performs_the_following_operation(java.lang.String)&amp#27;[0m
  &amp#27;[31mThen &amp#27;[0m&amp#27;[31mThe user verifies the result is &amp#27;[0m&amp#27;[31m&amp#27;[1m"-5"&amp#27;[0m                &amp#27;[90m# nuix.calc.stepDefinitions.Calculator_StepDefinition.the_user_verifies_the_result_is(java.lang.String)&amp#27;[0m
      &amp#27;[31morg.junit.ComparisonFailure: 
Result verification failed.
Expected result: -5
Actual result: -13
 expected:<-[5]> but was:<-[13]>
	at org.junit.Assert.assertEquals(Assert.java:117)
	at nuix.calc.pages.CalculatorPage.verifyResult(CalculatorPage.java:210)
	at nuix.calc.stepDefinitions.Calculator_StepDefinition.the_user_verifies_the_result_is(Calculator_StepDefinition.java:40)
	at ✽.The user verifies the result is "-5"(file:///Users/abdallah/Desktop/Nuix_Calculator/src/test/resources/nuix/calc/features/All_functionalities.feature:58)
&amp#27;[0m
]]></system-out>
    <system-err><![CDATA[Starting ChromeDriver 96.0.4664.45 (76e4c1bb2ab4671b8beba3444e61c0f17584b2fc-refs/branch-heads/4664@{#947}) on port 52351
Only local connections are allowed.
Please see https://chromedriver.chromium.org/security-considerations for suggestions on keeping ChromeDriver safe.
ChromeDriver was started successfully.
Dec 16, 2021 1:01:54 AM org.openqa.selenium.remote.ProtocolHandshake createSession
INFO: Detected dialect: W3C
Dec 16, 2021 1:01:54 AM org.openqa.selenium.devtools.CdpVersionFinder findNearestMatch
WARNING: Unable to find an exact match for CDP version 96, so returning the closest version found: 95
Dec 16, 2021 1:01:54 AM org.openqa.selenium.devtools.CdpVersionFinder findNearestMatch
INFO: Found CDP implementation for version 96 of 95
]]></system-err>
  </testcase>
</testsuite>